\BOOKMARK [1][-]{section*.2}{Aknowledgements}{}% 1
\BOOKMARK [2][-]{section*.3}{Institutions}{section*.2}% 2
\BOOKMARK [2][-]{section*.4}{Grants}{section*.2}% 3
\BOOKMARK [2][-]{section*.5}{Individuals}{section*.2}% 4
\BOOKMARK [1][-]{section.1}{1. Introduction}{}% 5
\BOOKMARK [2][-]{subsection.1.1}{1.1. Preface}{section.1}% 6
\BOOKMARK [2][-]{subsection.1.2}{1.2. Installing Torsten}{section.1}% 7
\BOOKMARK [2][-]{subsection.1.3}{1.3. Overview}{section.1}% 8
\BOOKMARK [2][-]{subsection.1.4}{1.4. Implementation details}{section.1}% 9
\BOOKMARK [2][-]{subsection.1.5}{1.5. Development plans}{section.1}% 10
\BOOKMARK [2][-]{subsection.1.6}{1.6. Updates since Torsten 0.81}{section.1}% 11
\BOOKMARK [1][-]{section.2}{2. Using Torsten}{}% 12
\BOOKMARK [2][-]{subsection.2.1}{2.1. Example 1: Two Compartment Model}{section.2}% 13
\BOOKMARK [2][-]{subsection.2.2}{2.2. Linear One and Two Compartment Model Function}{section.2}% 14
\BOOKMARK [2][-]{subsection.2.3}{2.3. General Linear ODE Model Function}{section.2}% 15
\BOOKMARK [2][-]{subsection.2.4}{2.4. General ODE Model Function}{section.2}% 16
\BOOKMARK [1][-]{section.3}{3. Additional Examples}{}% 17
\BOOKMARK [2][-]{subsection.3.1}{3.1. Effect Compartment Model}{section.3}% 18
\BOOKMARK [2][-]{subsection.3.2}{3.2. Friberg-Karlsson Semi-Mechanistic Model 2364}{section.3}% 19
\BOOKMARK [1][-]{section.4}{4. Under the Hood Design}{}% 20
\BOOKMARK [2][-]{subsection.4.1}{4.1. Computing Amounts in an ODE-based model}{section.4}% 21
\BOOKMARK [2][-]{subsection.4.2}{4.2. Structure of a Torsten Function}{section.4}% 22
\BOOKMARK [2][-]{subsection.4.3}{4.3. Implementing Torsten in Stan}{section.4}% 23
\BOOKMARK [1][-]{section*.14}{References}{}% 24
