This is pdfTeX, Version 3.14159265-2.6-1.40.17 (TeX Live 2016) (preloaded format=pdflatex 2016.5.22)  6 SEP 2017 16:06
entering extended mode
 restricted \write18 enabled.
 file:line:error style messages enabled.
 %&-line parsing enabled.
**\input torstenManual.tex
(./torstenManual.tex
(/usr/local/texlive/2016/texmf-dist/tex/latex/amscls/amsart.cls
Document Class: amsart 2015/03/04 v2.20.2
\linespacing=\dimen102
\normalparindent=\dimen103
\normaltopskip=\skip41
(/usr/local/texlive/2016/texmf-dist/tex/latex/amsmath/amsmath.sty
Package: amsmath 2016/03/10 v2.15b AMS math features
\@mathmargin=\skip42

For additional information on amsmath, use the `?' option.
(/usr/local/texlive/2016/texmf-dist/tex/latex/amsmath/amstext.sty
Package: amstext 2000/06/29 v2.01 AMS text

(/usr/local/texlive/2016/texmf-dist/tex/latex/amsmath/amsgen.sty
File: amsgen.sty 1999/11/30 v2.0 generic functions
\@emptytoks=\toks14
\ex@=\dimen104
))
(/usr/local/texlive/2016/texmf-dist/tex/latex/amsmath/amsbsy.sty
Package: amsbsy 1999/11/29 v1.2d Bold Symbols
\pmbraise@=\dimen105
)
(/usr/local/texlive/2016/texmf-dist/tex/latex/amsmath/amsopn.sty
Package: amsopn 2016/03/08 v2.02 operator names
)
\inf@bad=\count79
LaTeX Info: Redefining \frac on input line 199.
\uproot@=\count80
\leftroot@=\count81
LaTeX Info: Redefining \overline on input line 297.
\classnum@=\count82
\DOTSCASE@=\count83
LaTeX Info: Redefining \ldots on input line 394.
LaTeX Info: Redefining \dots on input line 397.
LaTeX Info: Redefining \cdots on input line 518.
\Mathstrutbox@=\box26
\strutbox@=\box27
\big@size=\dimen106
LaTeX Font Info:    Redeclaring font encoding OML on input line 634.
LaTeX Font Info:    Redeclaring font encoding OMS on input line 635.
\macc@depth=\count84
\c@MaxMatrixCols=\count85
\dotsspace@=\muskip10
\c@parentequation=\count86
\dspbrk@lvl=\count87
\tag@help=\toks15
\row@=\count88
\column@=\count89
\maxfields@=\count90
\andhelp@=\toks16
\eqnshift@=\dimen107
\alignsep@=\dimen108
\tagshift@=\dimen109
\tagwidth@=\dimen110
\totwidth@=\dimen111
\lineht@=\dimen112
\@envbody=\toks17
\multlinegap=\skip43
\multlinetaggap=\skip44
\mathdisplay@stack=\toks18
LaTeX Info: Redefining \[ on input line 2739.
LaTeX Info: Redefining \] on input line 2740.
)
LaTeX Font Info:    Try loading font information for U+msa on input line 388.

(/usr/local/texlive/2016/texmf-dist/tex/latex/amsfonts/umsa.fd
File: umsa.fd 2013/01/14 v3.01 AMS symbols A
)
(/usr/local/texlive/2016/texmf-dist/tex/latex/amsfonts/amsfonts.sty
Package: amsfonts 2013/01/14 v3.01 Basic AMSFonts support
\symAMSa=\mathgroup4
\symAMSb=\mathgroup5
LaTeX Font Info:    Overwriting math alphabet `\mathfrak' in version `bold'
(Font)                  U/euf/m/n --> U/euf/b/n on input line 106.
)
\copyins=\insert199
\abstractbox=\box28
\listisep=\skip45
\c@part=\count91
\c@section=\count92
\c@subsection=\count93
\c@subsubsection=\count94
\c@paragraph=\count95
\c@subparagraph=\count96
\c@figure=\count97
\c@table=\count98
\abovecaptionskip=\skip46
\belowcaptionskip=\skip47
\captionindent=\dimen113
\thm@style=\toks19
\thm@bodyfont=\toks20
\thm@headfont=\toks21
\thm@notefont=\toks22
\thm@headpunct=\toks23
\thm@preskip=\skip48
\thm@postskip=\skip49
\thm@headsep=\skip50
\dth@everypar=\toks24
)
(/usr/local/texlive/2016/texmf-dist/tex/latex/geometry/geometry.sty
Package: geometry 2010/09/12 v5.6 Page Geometry

(/usr/local/texlive/2016/texmf-dist/tex/latex/graphics/keyval.sty
Package: keyval 2014/10/28 v1.15 key=value parser (DPC)
\KV@toks@=\toks25
)
(/usr/local/texlive/2016/texmf-dist/tex/generic/oberdiek/ifpdf.sty
Package: ifpdf 2016/05/14 v3.1 Provides the ifpdf switch
)
(/usr/local/texlive/2016/texmf-dist/tex/generic/oberdiek/ifvtex.sty
Package: ifvtex 2016/05/16 v1.6 Detect VTeX and its facilities (HO)
Package ifvtex Info: VTeX not detected.
)
(/usr/local/texlive/2016/texmf-dist/tex/generic/ifxetex/ifxetex.sty
Package: ifxetex 2010/09/12 v0.6 Provides ifxetex conditional
)
\Gm@cnth=\count99
\Gm@cntv=\count100
\c@Gm@tempcnt=\count101
\Gm@bindingoffset=\dimen114
\Gm@wd@mp=\dimen115
\Gm@odd@mp=\dimen116
\Gm@even@mp=\dimen117
\Gm@layoutwidth=\dimen118
\Gm@layoutheight=\dimen119
\Gm@layouthoffset=\dimen120
\Gm@layoutvoffset=\dimen121
\Gm@dimlist=\toks26
)
(/usr/local/texlive/2016/texmf-dist/tex/latex/graphics/graphicx.sty
Package: graphicx 2014/10/28 v1.0g Enhanced LaTeX Graphics (DPC,SPQR)

(/usr/local/texlive/2016/texmf-dist/tex/latex/graphics/graphics.sty
Package: graphics 2016/05/09 v1.0r Standard LaTeX Graphics (DPC,SPQR)

(/usr/local/texlive/2016/texmf-dist/tex/latex/graphics/trig.sty
Package: trig 2016/01/03 v1.10 sin cos tan (DPC)
)
(/usr/local/texlive/2016/texmf-dist/tex/latex/graphics-cfg/graphics.cfg
File: graphics.cfg 2016/01/02 v1.10 sample graphics configuration
)
Package graphics Info: Driver file: pdftex.def on input line 96.

(/usr/local/texlive/2016/texmf-dist/tex/latex/pdftex-def/pdftex.def
File: pdftex.def 2011/05/27 v0.06d Graphics/color for pdfTeX

(/usr/local/texlive/2016/texmf-dist/tex/generic/oberdiek/infwarerr.sty
Package: infwarerr 2016/05/16 v1.4 Providing info/warning/error messages (HO)
)
(/usr/local/texlive/2016/texmf-dist/tex/generic/oberdiek/ltxcmds.sty
Package: ltxcmds 2016/05/16 v1.23 LaTeX kernel commands for general use (HO)
)
\Gread@gobject=\count102
))
\Gin@req@height=\dimen122
\Gin@req@width=\dimen123
)
(/usr/local/texlive/2016/texmf-dist/tex/latex/pdfpages/pdfpages.sty
Package: pdfpages 2016/04/19 v0.5f Insert pages of external PDF documents (AM)

(/usr/local/texlive/2016/texmf-dist/tex/latex/base/ifthen.sty
Package: ifthen 2014/09/29 v1.1c Standard LaTeX ifthen package (DPC)
)
(/usr/local/texlive/2016/texmf-dist/tex/latex/tools/calc.sty
Package: calc 2014/10/28 v4.3 Infix arithmetic (KKT,FJ)
\calc@Acount=\count103
\calc@Bcount=\count104
\calc@Adimen=\dimen124
\calc@Bdimen=\dimen125
\calc@Askip=\skip51
\calc@Bskip=\skip52
LaTeX Info: Redefining \setlength on input line 80.
LaTeX Info: Redefining \addtolength on input line 81.
\calc@Ccount=\count105
\calc@Cskip=\skip53
)
(/usr/local/texlive/2016/texmf-dist/tex/latex/eso-pic/eso-pic.sty
Package: eso-pic 2015/07/21 v2.0g eso-pic (RN)

(/usr/local/texlive/2016/texmf-dist/tex/generic/oberdiek/atbegshi.sty
Package: atbegshi 2016/05/16 v1.17 At begin shipout hook (HO)
)
(/usr/local/texlive/2016/texmf-dist/tex/latex/xcolor/xcolor.sty
Package: xcolor 2016/05/11 v2.12 LaTeX color extensions (UK)

(/usr/local/texlive/2016/texmf-dist/tex/latex/graphics-cfg/color.cfg
File: color.cfg 2016/01/02 v1.6 sample color configuration
)
Package xcolor Info: Driver file: pdftex.def on input line 225.
Package xcolor Info: Model `cmy' substituted by `cmy0' on input line 1348.
Package xcolor Info: Model `hsb' substituted by `rgb' on input line 1352.
Package xcolor Info: Model `RGB' extended on input line 1364.
Package xcolor Info: Model `HTML' substituted by `rgb' on input line 1366.
Package xcolor Info: Model `Hsb' substituted by `hsb' on input line 1367.
Package xcolor Info: Model `tHsb' substituted by `hsb' on input line 1368.
Package xcolor Info: Model `HSB' substituted by `hsb' on input line 1369.
Package xcolor Info: Model `Gray' substituted by `gray' on input line 1370.
Package xcolor Info: Model `wave' substituted by `hsb' on input line 1371.
))
\AM@pagewidth=\dimen126
\AM@pageheight=\dimen127

(/usr/local/texlive/2016/texmf-dist/tex/latex/pdfpages/pppdftex.def
File: pppdftex.def 2016/04/19 v0.5f Pdfpages driver for pdfTeX (AM)
)
\AM@pagebox=\box29
\AM@global@opts=\toks27
\AM@toc@title=\toks28
\c@AM@survey=\count106
\AM@templatesizebox=\box30
)
(/usr/local/texlive/2016/texmf-dist/tex/latex/amsfonts/amssymb.sty
Package: amssymb 2013/01/14 v3.01 AMS font symbols
)
(/usr/local/texlive/2016/texmf-dist/tex/latex/oberdiek/epstopdf.sty
Package: epstopdf 2016/05/15 v2.6 Conversion with epstopdf on the fly (HO)

(/usr/local/texlive/2016/texmf-dist/tex/latex/oberdiek/epstopdf-base.sty
Package: epstopdf-base 2016/05/15 v2.6 Base part for package epstopdf

(/usr/local/texlive/2016/texmf-dist/tex/latex/oberdiek/grfext.sty
Package: grfext 2016/05/16 v1.2 Manage graphics extensions (HO)

(/usr/local/texlive/2016/texmf-dist/tex/generic/oberdiek/kvdefinekeys.sty
Package: kvdefinekeys 2016/05/16 v1.4 Define keys (HO)
))
(/usr/local/texlive/2016/texmf-dist/tex/latex/oberdiek/kvoptions.sty
Package: kvoptions 2016/05/16 v3.12 Key value format for package options (HO)

(/usr/local/texlive/2016/texmf-dist/tex/generic/oberdiek/kvsetkeys.sty
Package: kvsetkeys 2016/05/16 v1.17 Key value parser (HO)

(/usr/local/texlive/2016/texmf-dist/tex/generic/oberdiek/etexcmds.sty
Package: etexcmds 2016/05/16 v1.6 Avoid name clashes with e-TeX commands (HO)

(/usr/local/texlive/2016/texmf-dist/tex/generic/oberdiek/ifluatex.sty
Package: ifluatex 2016/05/16 v1.4 Provides the ifluatex switch (HO)
Package ifluatex Info: LuaTeX not detected.
)
Package etexcmds Info: Could not find \expanded.
(etexcmds)             That can mean that you are not using pdfTeX 1.50 or
(etexcmds)             that some package has redefined \expanded.
(etexcmds)             In the latter case, load this package earlier.
)))
(/usr/local/texlive/2016/texmf-dist/tex/generic/oberdiek/pdftexcmds.sty
Package: pdftexcmds 2016/05/10 v0.21 Utility functions of pdfTeX for LuaTeX (HO
)
Package pdftexcmds Info: LuaTeX not detected.
Package pdftexcmds Info: \pdf@primitive is available.
Package pdftexcmds Info: \pdf@ifprimitive is available.
Package pdftexcmds Info: \pdfdraftmode found.
)
Package grfext Info: Graphics extension search list:
(grfext)             [.png,.pdf,.jpg,.mps,.jpeg,.jbig2,.jb2,.PNG,.PDF,.JPG,.JPE
G,.JBIG2,.JB2,.eps]
(grfext)             \AppendGraphicsExtensions on input line 456.

(/usr/local/texlive/2016/texmf-dist/tex/latex/latexconfig/epstopdf-sys.cfg
File: epstopdf-sys.cfg 2010/07/13 v1.3 Configuration of (r)epstopdf for TeX Liv
e
)))
(/usr/local/texlive/2016/texmf-dist/tex/latex/hyperref/hyperref.sty
Package: hyperref 2016/05/05 v6.83n Hypertext links for LaTeX

(/usr/local/texlive/2016/texmf-dist/tex/generic/oberdiek/hobsub-hyperref.sty
Package: hobsub-hyperref 2016/05/16 v1.14 Bundle oberdiek, subset hyperref (HO)


(/usr/local/texlive/2016/texmf-dist/tex/generic/oberdiek/hobsub-generic.sty
Package: hobsub-generic 2016/05/16 v1.14 Bundle oberdiek, subset generic (HO)
Package: hobsub 2016/05/16 v1.14 Construct package bundles (HO)
Package hobsub Info: Skipping package `infwarerr' (already loaded).
Package hobsub Info: Skipping package `ltxcmds' (already loaded).
Package hobsub Info: Skipping package `ifluatex' (already loaded).
Package hobsub Info: Skipping package `ifvtex' (already loaded).
Package: intcalc 2016/05/16 v1.2 Expandable calculations with integers (HO)
Package hobsub Info: Skipping package `ifpdf' (already loaded).
Package hobsub Info: Skipping package `etexcmds' (already loaded).
Package hobsub Info: Skipping package `kvsetkeys' (already loaded).
Package hobsub Info: Skipping package `kvdefinekeys' (already loaded).
Package hobsub Info: Skipping package `pdftexcmds' (already loaded).
Package: pdfescape 2016/05/16 v1.14 Implements pdfTeX's escape features (HO)
Package: bigintcalc 2016/05/16 v1.4 Expandable calculations on big integers (HO
)
Package: bitset 2016/05/16 v1.2 Handle bit-vector datatype (HO)
Package: uniquecounter 2016/05/16 v1.3 Provide unlimited unique counter (HO)
)
Package hobsub Info: Skipping package `hobsub' (already loaded).
Package: letltxmacro 2016/05/16 v1.5 Let assignment for LaTeX macros (HO)
Package: hopatch 2016/05/16 v1.3 Wrapper for package hooks (HO)
Package: xcolor-patch 2016/05/16 xcolor patch
Package: atveryend 2016/05/16 v1.9 Hooks at the very end of document (HO)
Package atveryend Info: \enddocument detected (standard20110627).
Package hobsub Info: Skipping package `atbegshi' (already loaded).
Package: refcount 2016/05/16 v3.5 Data extraction from label references (HO)
Package: hycolor 2016/05/16 v1.8 Color options for hyperref/bookmark (HO)
)
(/usr/local/texlive/2016/texmf-dist/tex/latex/oberdiek/auxhook.sty
Package: auxhook 2016/05/16 v1.4 Hooks for auxiliary files (HO)
)
\@linkdim=\dimen128
\Hy@linkcounter=\count107
\Hy@pagecounter=\count108

(/usr/local/texlive/2016/texmf-dist/tex/latex/hyperref/pd1enc.def
File: pd1enc.def 2016/05/05 v6.83n Hyperref: PDFDocEncoding definition (HO)
)
\Hy@SavedSpaceFactor=\count109

(/usr/local/texlive/2016/texmf-dist/tex/latex/latexconfig/hyperref.cfg
File: hyperref.cfg 2002/06/06 v1.2 hyperref configuration of TeXLive
)
Package hyperref Info: Hyper figures OFF on input line 4446.
Package hyperref Info: Link nesting OFF on input line 4451.
Package hyperref Info: Hyper index ON on input line 4454.
Package hyperref Info: Plain pages OFF on input line 4461.
Package hyperref Info: Backreferencing OFF on input line 4466.
Package hyperref Info: Implicit mode ON; LaTeX internals redefined.
Package hyperref Info: Bookmarks ON on input line 4691.
\c@Hy@tempcnt=\count110

(/usr/local/texlive/2016/texmf-dist/tex/latex/url/url.sty
\Urlmuskip=\muskip11
Package: url 2013/09/16  ver 3.4  Verb mode for urls, etc.
)
LaTeX Info: Redefining \url on input line 5044.
\XeTeXLinkMargin=\dimen129
\Fld@menulength=\count111
\Field@Width=\dimen130
\Fld@charsize=\dimen131
Package hyperref Info: Hyper figures OFF on input line 6298.
Package hyperref Info: Link nesting OFF on input line 6303.
Package hyperref Info: Hyper index ON on input line 6306.
Package hyperref Info: backreferencing OFF on input line 6313.
Package hyperref Info: Link coloring OFF on input line 6318.
Package hyperref Info: Link coloring with OCG OFF on input line 6323.
Package hyperref Info: PDF/A mode OFF on input line 6328.
LaTeX Info: Redefining \ref on input line 6368.
LaTeX Info: Redefining \pageref on input line 6372.
\Hy@abspage=\count112
\c@Item=\count113
\c@Hfootnote=\count114
)

Package hyperref Message: Driver (autodetected): hpdftex.

(/usr/local/texlive/2016/texmf-dist/tex/latex/hyperref/hpdftex.def
File: hpdftex.def 2016/05/05 v6.83n Hyperref driver for pdfTeX
\Fld@listcount=\count115
\c@bookmark@seq@number=\count116

(/usr/local/texlive/2016/texmf-dist/tex/latex/oberdiek/rerunfilecheck.sty
Package: rerunfilecheck 2016/05/16 v1.8 Rerun checks for auxiliary files (HO)
Package uniquecounter Info: New unique counter `rerunfilecheck' on input line 2
82.
)
\Hy@SectionHShift=\skip54
)
(/usr/local/texlive/2016/texmf-dist/tex/latex/psnfss/courier.sty
Package: courier 2005/04/12 PSNFSS-v9.2a (WaS) 
)
(/usr/local/texlive/2016/texmf-dist/tex/latex/listings/listings.sty
\lst@mode=\count117
\lst@gtempboxa=\box31
\lst@token=\toks29
\lst@length=\count118
\lst@currlwidth=\dimen132
\lst@column=\count119
\lst@pos=\count120
\lst@lostspace=\dimen133
\lst@width=\dimen134
\lst@newlines=\count121
\lst@lineno=\count122
\lst@maxwidth=\dimen135

(/usr/local/texlive/2016/texmf-dist/tex/latex/listings/lstmisc.sty
File: lstmisc.sty 2015/06/04 1.6 (Carsten Heinz)
\c@lstnumber=\count123
\lst@skipnumbers=\count124
\lst@framebox=\box32
)
(/usr/local/texlive/2016/texmf-dist/tex/latex/listings/listings.cfg
File: listings.cfg 2015/06/04 1.6 listings configuration
))
Package: listings 2015/06/04 1.6 (Carsten Heinz)

(/usr/local/texlive/2016/texmf-dist/tex/latex/siunitx/siunitx.sty
(/usr/local/texlive/2016/texmf-dist/tex/latex/l3kernel/expl3.sty
Package: expl3 2016/05/18 v6512 L3 programming layer (loader) 

(/usr/local/texlive/2016/texmf-dist/tex/latex/l3kernel/expl3-code.tex
Package: expl3 2016/05/18 v6512 L3 programming layer (code)
L3 Module: l3bootstrap 2016/02/12 v6412 L3 Bootstrap code
L3 Module: l3names 2016/03/11 v6433 L3 Namespace for primitives
L3 Module: l3basics 2015/11/22 v6315 L3 Basic definitions
L3 Module: l3expan 2015/09/10 v5983 L3 Argument expansion
L3 Module: l3tl 2016/03/26 v6465 L3 Token lists
L3 Module: l3str 2016/03/24 v6441 L3 Strings
L3 Module: l3seq 2015/08/05 v5777 L3 Sequences and stacks
L3 Module: l3int 2016/03/24 v6441 L3 Integers
\c_max_int=\count125
\l_tmpa_int=\count126
\l_tmpb_int=\count127
\g_tmpa_int=\count128
\g_tmpb_int=\count129
L3 Module: l3quark 2015/08/17 v5855 L3 Quarks
L3 Module: l3prg 2015/11/01 v6216 L3 Control structures
\g__prg_map_int=\count130
L3 Module: l3clist 2015/09/02 v5901 L3 Comma separated lists
L3 Module: l3token 2016/04/03 v6470 L3 Experimental token manipulation
L3 Module: l3prop 2016/01/05 v6366 L3 Property lists
L3 Module: l3msg 2016/03/26 v6464 L3 Messages
L3 Module: l3file 2016/03/25 v6458 L3 File and I/O operations
\l_iow_line_count_int=\count131
\l__iow_target_count_int=\count132
\l__iow_current_line_int=\count133
\l__iow_current_word_int=\count134
\l__iow_current_indentation_int=\count135
L3 Module: l3skip 2016/01/05 v6366 L3 Dimensions and skips
\c_zero_dim=\dimen136
\c_max_dim=\dimen137
\l_tmpa_dim=\dimen138
\l_tmpb_dim=\dimen139
\g_tmpa_dim=\dimen140
\g_tmpb_dim=\dimen141
\c_zero_skip=\skip55
\c_max_skip=\skip56
\l_tmpa_skip=\skip57
\l_tmpb_skip=\skip58
\g_tmpa_skip=\skip59
\g_tmpb_skip=\skip60
\c_zero_muskip=\muskip12
\c_max_muskip=\muskip13
\l_tmpa_muskip=\muskip14
\l_tmpb_muskip=\muskip15
\g_tmpa_muskip=\muskip16
\g_tmpb_muskip=\muskip17
L3 Module: l3keys 2015/11/17 v6284 L3 Key-value interfaces
\g__keyval_level_int=\count136
\l_keys_choice_int=\count137
L3 Module: l3fp 2016/03/26 v6465 L3 Floating points
\c__fp_leading_shift_int=\count138
\c__fp_middle_shift_int=\count139
\c__fp_trailing_shift_int=\count140
\c__fp_big_leading_shift_int=\count141
\c__fp_big_middle_shift_int=\count142
\c__fp_big_trailing_shift_int=\count143
\c__fp_Bigg_leading_shift_int=\count144
\c__fp_Bigg_middle_shift_int=\count145
\c__fp_Bigg_trailing_shift_int=\count146
L3 Module: l3box 2015/08/09 v5822 L3 Experimental boxes
\c_empty_box=\box33
\l_tmpa_box=\box34
\l_tmpb_box=\box35
\g_tmpa_box=\box36
\g_tmpb_box=\box37
L3 Module: l3coffins 2016/05/17 v6508 L3 Coffin code layer
\l__coffin_internal_box=\box38
\l__coffin_internal_dim=\dimen142
\l__coffin_offset_x_dim=\dimen143
\l__coffin_offset_y_dim=\dimen144
\l__coffin_x_dim=\dimen145
\l__coffin_y_dim=\dimen146
\l__coffin_x_prime_dim=\dimen147
\l__coffin_y_prime_dim=\dimen148
\c_empty_coffin=\box39
\l__coffin_aligned_coffin=\box40
\l__coffin_aligned_internal_coffin=\box41
\l_tmpa_coffin=\box42
\l_tmpb_coffin=\box43
\l__coffin_display_coffin=\box44
\l__coffin_display_coord_coffin=\box45
\l__coffin_display_pole_coffin=\box46
\l__coffin_display_offset_dim=\dimen149
\l__coffin_display_x_dim=\dimen150
\l__coffin_display_y_dim=\dimen151
L3 Module: l3color 2014/08/23 v5354 L3 Experimental color support
L3 Module: l3sys 2015/09/25 v6087 L3 Experimental system/runtime functions
L3 Module: l3candidates 2016/05/13 v6484 L3 Experimental additions to l3kernel
\l__box_top_dim=\dimen152
\l__box_bottom_dim=\dimen153
\l__box_left_dim=\dimen154
\l__box_right_dim=\dimen155
\l__box_top_new_dim=\dimen156
\l__box_bottom_new_dim=\dimen157
\l__box_left_new_dim=\dimen158
\l__box_right_new_dim=\dimen159
\l__box_internal_box=\box47
\l__coffin_bounding_shift_dim=\dimen160
\l__coffin_left_corner_dim=\dimen161
\l__coffin_right_corner_dim=\dimen162
\l__coffin_bottom_corner_dim=\dimen163
\l__coffin_top_corner_dim=\dimen164
\l__coffin_scaled_total_height_dim=\dimen165
\l__coffin_scaled_width_dim=\dimen166
L3 Module: l3luatex 2016/03/26 v6465 L3 Experimental LuaTeX-specific functions
)
(/usr/local/texlive/2016/texmf-dist/tex/latex/l3kernel/l3pdfmode.def
File: l3pdfmode.def 2016/03/26 v6465 L3 Experimental driver: PDF mode
\l__driver_color_stack_int=\count147
\l__driver_tmp_box=\box48
))
(/usr/local/texlive/2016/texmf-dist/tex/latex/l3packages/xparse/xparse.sty
Package: xparse 2016/05/18 v6512 L3 Experimental document command parser
\l__xparse_current_arg_int=\count148
\l__xparse_m_args_int=\count149
\l__xparse_mandatory_args_int=\count150
\l__xparse_processor_int=\count151
\l__xparse_v_nesting_int=\count152
)
Package: siunitx 2016/03/01 v2.6q A comprehensive (SI) units package

(/usr/local/texlive/2016/texmf-dist/tex/latex/tools/array.sty
Package: array 2014/10/28 v2.4c Tabular extension package (FMi)
\col@sep=\dimen167
\extrarowheight=\dimen168
\NC@list=\toks30
\extratabsurround=\skip61
\backup@length=\skip62
)
(/usr/local/texlive/2016/texmf-dist/tex/latex/l3packages/l3keys2e/l3keys2e.sty
Package: l3keys2e 2016/05/18 v6512 LaTeX2e option processing using LaTeX3 keys
)
\l__siunitx_tmp_box=\box49
\l__siunitx_tmp_dim=\dimen169
\l__siunitx_tmp_int=\count153
\l__siunitx_number_mantissa_length_int=\count154
\l__siunitx_number_uncert_length_int=\count155
\l__siunitx_round_int=\count156
\l__siunitx_process_decimal_int=\count157
\l__siunitx_process_uncertainty_int=\count158
\l__siunitx_process_fixed_int=\count159
\l__siunitx_process_integer_min_int=\count160
\l__siunitx_process_precision_int=\count161
\l__siunitx_group_min_int=\count162
\l__siunitx_angle_marker_box=\box50
\l__siunitx_angle_unit_box=\box51
\l__siunitx_angle_marker_dim=\dimen170
\l__siunitx_angle_unit_dim=\dimen171
\l__siunitx_unit_int=\count163
\l__siunitx_unit_denominator_int=\count164
\l__siunitx_unit_numerator_int=\count165
\l__siunitx_unit_prefix_int=\count166
\l__siunitx_unit_prefix_base_int=\count167
\l__siunitx_unit_prefix_gram_int=\count168
\l__siunitx_number_product_int=\count169
\c__siunitx_one_fill_skip=\skip63
\l__siunitx_table_unit_align_skip=\skip64
\l__siunitx_table_exponent_dim=\dimen172
\l__siunitx_table_integer_dim=\dimen173
\l__siunitx_table_mantissa_dim=\dimen174
\l__siunitx_table_marker_dim=\dimen175
\l__siunitx_table_result_dim=\dimen176
\l__siunitx_table_uncert_dim=\dimen177
\l__siunitx_table_fill_pre_dim=\dimen178
\l__siunitx_table_fill_post_dim=\dimen179
\l__siunitx_table_fill_mid_dim=\dimen180
\l__siunitx_table_pre_box=\box52
\l__siunitx_table_post_box=\box53
\l__siunitx_table_mantissa_box=\box54
\l__siunitx_table_result_box=\box55
\l__siunitx_table_number_align_skip=\skip65
\l__siunitx_table_text_align_skip=\skip66
.................................................
. LaTeX info: "xparse/define-command"
. 
. Defining command \DeclareBinaryPrefix with sig. 'mmm' on line 7218.
.................................................
.................................................
. LaTeX info: "xparse/define-command"
. 
. Defining command \DeclareSIPostPower with sig. 'mm' on line 7221.
.................................................
.................................................
. LaTeX info: "xparse/define-command"
. 
. Defining command \DeclareSIPrefix with sig. 'mmm' on line 7224.
.................................................
.................................................
. LaTeX info: "xparse/define-command"
. 
. Defining command \DeclareSIPrePower with sig. 'mm' on line 7227.
.................................................
.................................................
. LaTeX info: "xparse/define-command"
. 
. Defining command \DeclareSIQualifier with sig. 'mm' on line 7230.
.................................................
.................................................
. LaTeX info: "xparse/define-command"
. 
. Defining command \DeclareSIUnit with sig. 'O{}mm' on line 7233.
.................................................
.................................................
. LaTeX info: "xparse/define-command"
. 
. Defining command \DeclareSIUnitWithOptions with sig. 'mmm' on line 7236.
.................................................
.................................................
. LaTeX info: "xparse/define-command"
. 
. Defining command \ang with sig. 'o>{\SplitArgument {2}{;}}m' on line 7251.
.................................................
.................................................
. LaTeX info: "xparse/define-command"
. 
. Defining command \num with sig. 'om' on line 7260.
.................................................
.................................................
. LaTeX info: "xparse/define-command"
. 
. Defining command \numlist with sig. 'o>{\SplitList {;}}m' on line 7269.
.................................................
.................................................
. LaTeX info: "xparse/define-command"
. 
. Defining command \numrange with sig. 'omm' on line 7278.
.................................................
.................................................
. LaTeX info: "xparse/define-command"
. 
. Defining command \SIlist with sig. 'o>{\SplitList {;}}mm' on line 7290.
.................................................
.................................................
. LaTeX info: "xparse/define-command"
. 
. Defining command \SIrange with sig. 'ommm' on line 7302.
.................................................
.................................................
. LaTeX info: "xparse/define-command"
. 
. Defining command \SI with sig. 'omom' on line 7314.
.................................................
.................................................
. LaTeX info: "xparse/define-command"
. 
. Defining command \sisetup with sig. 'm' on line 7317.
.................................................
.................................................
. LaTeX info: "xparse/define-command"
. 
. Defining command \tablenum with sig. 'om' on line 7332.
.................................................
.................................................
. LaTeX info: "xparse/define-command"
. 
. Defining command \si with sig. 'om' on line 7344.
.................................................
.................................................
. LaTeX info: "xparse/define-command"
. 
. Defining command \__siunitx_bookmark_num:w with sig. 'om' on line 7391.
.................................................
.................................................
. LaTeX info: "xparse/define-command"
. 
. Defining command \__siunitx_bookmark_numrange:w with sig. 'omm' on line
. 7393.
.................................................
.................................................
. LaTeX info: "xparse/define-command"
. 
. Defining command \__siunitx_bookmark_SI:w with sig. 'omom' on line 7395.
.................................................
.................................................
. LaTeX info: "xparse/define-command"
. 
. Defining command \__siunitx_bookmark_SIlist:w with sig. 'omm' on line 7397.
.................................................
.................................................
. LaTeX info: "xparse/define-command"
. 
. Defining command \__siunitx_bookmark_SIrange:w with sig. 'ommm' on line
. 7399.
.................................................
.................................................
. LaTeX info: "xparse/define-command"
. 
. Defining command \__siunitx_bookmark_si:w with sig. 'om' on line 7400.
.................................................
\g__file_internal_ior=\read1
(/usr/local/texlive/2016/texmf-dist/tex/latex/beamer/translator/translator.sty
Package: translator 2010/06/12 ver 1.10

(/usr/local/texlive/2016/texmf-dist/tex/latex/beamer/translator/translator-lang
uage-mappings.tex)))
(/usr/local/texlive/2016/texmf-dist/tex/latex/booktabs/booktabs.sty
Package: booktabs 2016/04/27 v1.618033 publication quality tables
\heavyrulewidth=\dimen181
\lightrulewidth=\dimen182
\cmidrulewidth=\dimen183
\belowrulesep=\dimen184
\belowbottomsep=\dimen185
\aboverulesep=\dimen186
\abovetopsep=\dimen187
\cmidrulesep=\dimen188
\cmidrulekern=\dimen189
\defaultaddspace=\dimen190
\@cmidla=\count170
\@cmidlb=\count171
\@aboverulesep=\dimen191
\@belowrulesep=\dimen192
\@thisruleclass=\count172
\@lastruleclass=\count173
\@thisrulewidth=\dimen193
)
\fmbox=\box56

(./torstenManual.aux)
\openout1 = `torstenManual.aux'.

LaTeX Font Info:    Checking defaults for OML/cmm/m/it on input line 49.
LaTeX Font Info:    ... okay on input line 49.
LaTeX Font Info:    Checking defaults for T1/cmr/m/n on input line 49.
LaTeX Font Info:    ... okay on input line 49.
LaTeX Font Info:    Checking defaults for OT1/cmr/m/n on input line 49.
LaTeX Font Info:    ... okay on input line 49.
LaTeX Font Info:    Checking defaults for OMS/cmsy/m/n on input line 49.
LaTeX Font Info:    ... okay on input line 49.
LaTeX Font Info:    Checking defaults for OMX/cmex/m/n on input line 49.
LaTeX Font Info:    ... okay on input line 49.
LaTeX Font Info:    Checking defaults for U/cmr/m/n on input line 49.
LaTeX Font Info:    ... okay on input line 49.
LaTeX Font Info:    Checking defaults for PD1/pdf/m/n on input line 49.
LaTeX Font Info:    ... okay on input line 49.
LaTeX Font Info:    Try loading font information for U+msa on input line 49.

(/usr/local/texlive/2016/texmf-dist/tex/latex/amsfonts/umsa.fd
File: umsa.fd 2013/01/14 v3.01 AMS symbols A
)
LaTeX Font Info:    Try loading font information for U+msb on input line 49.

(/usr/local/texlive/2016/texmf-dist/tex/latex/amsfonts/umsb.fd
File: umsb.fd 2013/01/14 v3.01 AMS symbols B
)
*geometry* driver: auto-detecting
*geometry* detected driver: pdftex
*geometry* verbose mode - [ preamble ] result:
* driver: pdftex
* paper: letterpaper
* layout: <same size as paper>
* layoutoffset:(h,v)=(0.0pt,0.0pt)
* modes: twoside 
* h-part:(L,W,R)=(43.362pt, 505.89pt, 65.043pt)
* v-part:(T,H,B)=(57.81598pt, 650.43pt, 86.72401pt)
* \paperwidth=614.295pt
* \paperheight=794.96999pt
* \textwidth=505.89pt
* \textheight=650.43pt
* \oddsidemargin=0.0pt
* \evensidemargin=0.0pt
* \topmargin=-36.45401pt
* \headheight=8.0pt
* \headsep=14.0pt
* \topskip=10.0pt
* \footskip=12.0pt
* \marginparwidth=90.0pt
* \marginparsep=11.0pt
* \columnsep=10.0pt
* \skip\footins=7.0pt plus 11.0pt
* \hoffset=0.0pt
* \voffset=0.0pt
* \mag=1000
* \@twocolumnfalse
* \@twosidetrue
* \@mparswitchtrue
* \@reversemarginfalse
* (1in=72.27pt=25.4mm, 1cm=28.453pt)

(/usr/local/texlive/2016/texmf-dist/tex/context/base/mkii/supp-pdf.mkii
[Loading MPS to PDF converter (version 2006.09.02).]
\scratchcounter=\count174
\scratchdimen=\dimen194
\scratchbox=\box57
\nofMPsegments=\count175
\nofMParguments=\count176
\everyMPshowfont=\toks31
\MPscratchCnt=\count177
\MPscratchDim=\dimen195
\MPnumerator=\count178
\makeMPintoPDFobject=\count179
\everyMPtoPDFconversion=\toks32
)
\AtBeginShipoutBox=\box58
 (/usr/local/texlive/2016/texmf-dist/tex/latex/oberdiek/pdflscape.sty
Package: pdflscape 2016/05/14 v0.11 Display of landscape pages in PDF (HO)

(/usr/local/texlive/2016/texmf-dist/tex/latex/graphics/lscape.sty
Package: lscape 2000/10/22 v3.01 Landscape Pages (DPC)
)
Package pdflscape Info: Auto-detected driver: pdftex on input line 81.
)
Package hyperref Info: Link coloring OFF on input line 49.

(/usr/local/texlive/2016/texmf-dist/tex/latex/hyperref/nameref.sty
Package: nameref 2012/10/27 v2.43 Cross-referencing by name of section

(/usr/local/texlive/2016/texmf-dist/tex/generic/oberdiek/gettitlestring.sty
Package: gettitlestring 2016/05/16 v1.5 Cleanup title references (HO)
)
\c@section@level=\count180
)
LaTeX Info: Redefining \ref on input line 49.
LaTeX Info: Redefining \pageref on input line 49.
LaTeX Info: Redefining \nameref on input line 49.

(./torstenManual.out) (./torstenManual.out)
\@outlinefile=\write3
\openout3 = `torstenManual.out'.

\c@lstlisting=\count181

(/usr/local/texlive/2016/texmf-dist/tex/latex/beamer/translator/dicts/translato
r-basic-dictionary/translator-basic-dictionary-English.dict
Dictionary: translator-basic-dictionary, Language: English 
)
(/usr/local/texlive/2016/texmf-dist/tex/latex/siunitx/siunitx-abbreviations.cfg
File: siunitx-abbreviations.cfg 2016/03/01 v2.6q siunitx: Abbreviated units
)
\c__siunitx_mathsf_int=\count182
\c__siunitx_mathtt_int=\count183
 <graphics/logo.jpg, id=96, 422.57875pt x 101.37875pt>
File: graphics/logo.jpg Graphic file (type jpg)

<use graphics/logo.jpg>
Package pdftex.def Info: graphics/logo.jpg used on input line 52.
(pdftex.def)             Requested size: 225.93877pt x 54.2025pt.
 [1{/usr/local/texlive/2016/texmf-var/fonts/map/pdftex/updmap/pdftex.map} <./gr
aphics/logo.jpg>] (./torstenManual.toc)
\tf@toc=\write4
\openout4 = `torstenManual.toc'.


Underfull \vbox (badness 10000) has occurred while \output is active []

 [2

]
LaTeX Font Info:    Try loading font information for OT1+pcr on input line 75.

(/usr/local/texlive/2016/texmf-dist/tex/latex/psnfss/ot1pcr.fd
File: ot1pcr.fd 2001/06/04 font definitions for OT1/pcr.
)
Underfull \vbox (badness 10000) has occurred while \output is active []

 [3]
Underfull \hbox (badness 10000) in paragraph at lines 117--119

 []


Overfull \hbox (6.79999pt too wide) in paragraph at lines 119--120
[][] 
 []


Underfull \hbox (badness 10000) in paragraph at lines 122--124

 []


Overfull \hbox (38.93129pt too wide) in paragraph at lines 122--124
\OT1/cmr/m/n/10.95 Installation files are avail-able on GitHub: []$\OT1/pcr/m/n
/10.95 https : / / github . com / metrumresearchgroup / example-[]models$[] 
 []

[4]
Underfull \hbox (badness 10000) in paragraph at lines 135--137

 []

LaTeX Font Info:    Try loading font information for OMS+cmr on input line 148.

(/usr/local/texlive/2016/texmf-dist/tex/latex/base/omscmr.fd
File: omscmr.fd 2014/09/29 v2.5h Standard LaTeX font definitions
)
LaTeX Font Info:    Font shape `OMS/cmr/m/n' in size <10.95> not available
(Font)              Font shape `OMS/cmsy/m/n' tried instead on input line 148.
LaTeX Font Info:    Font shape `OMS/cmr/m/n' in size <9> not available
(Font)              Font shape `OMS/cmsy/m/n' tried instead on input line 148.
 [5]
Underfull \hbox (badness 10000) in paragraph at lines 187--189

 []

[6]
Underfull \hbox (badness 10000) in paragraph at lines 232--233

 []


LaTeX Warning: Citation `mrgsolve2017' on page 7 undefined on input line 262.


Underfull \hbox (badness 10000) in paragraph at lines 264--265

 []


Underfull \hbox (badness 10000) in paragraph at lines 269--270

 []

[7

] <graphics/cptModels.png, id=200, 599.23875pt x 656.4525pt>
File: graphics/cptModels.png Graphic file (type png)

<use graphics/cptModels.png>
Package pdftex.def Info: graphics/cptModels.png used on input line 285.
(pdftex.def)             Requested size: 252.94499pt x 277.09047pt.


LaTeX Warning: Float too large for page by 41.66953pt on input line 358.

[8 <./graphics/cptModels.png>] [9]
<graphics/TwoCptModelPlots001.pdf, id=272, 433.62pt x 433.62pt>
File: graphics/TwoCptModelPlots001.pdf Graphic file (type pdf)

<use graphics/TwoCptModelPlots001.pdf>
Package pdftex.def Info: graphics/TwoCptModelPlots001.pdf used on input line 36
3.
(pdftex.def)             Requested size: 216.81pt x 216.80946pt.

<graphics/TwoCptModelPlots002.pdf, id=273, 433.62pt x 433.62pt>
File: graphics/TwoCptModelPlots002.pdf Graphic file (type pdf)

<use graphics/TwoCptModelPlots002.pdf>
Package pdftex.def Info: graphics/TwoCptModelPlots002.pdf used on input line 36
4.
(pdftex.def)             Requested size: 216.81pt x 216.80946pt.

<graphics/TwoCptModelPlots003.pdf, id=274, 433.62pt x 433.62pt>
File: graphics/TwoCptModelPlots003.pdf Graphic file (type pdf)

<use graphics/TwoCptModelPlots003.pdf>
Package pdftex.def Info: graphics/TwoCptModelPlots003.pdf used on input line 37
1.
(pdftex.def)             Requested size: 252.94499pt x 252.94879pt.

<graphics/TwoCptModelPlots006.pdf, id=275, 433.62pt x 433.62pt>
File: graphics/TwoCptModelPlots006.pdf Graphic file (type pdf)

<use graphics/TwoCptModelPlots006.pdf>
Package pdftex.def Info: graphics/TwoCptModelPlots006.pdf used on input line 37
9.
(pdftex.def)             Requested size: 252.94499pt x 252.94879pt.
 [10 <./graphics/TwoCptModelPlots001.pdf> <./graphics/TwoCptModelPlots002.pdf> 
<./graphics/TwoCptModelPlots003.pdf>]
[11 <./graphics/TwoCptModelPlots006.pdf>]
Underfull \hbox (badness 10000) in paragraph at lines 404--405

 []


Underfull \hbox (badness 10000) in paragraph at lines 406--407

 []


Underfull \hbox (badness 10000) in paragraph at lines 407--409

 []


Underfull \hbox (badness 10000) in paragraph at lines 413--415

 []

[12

]
Underfull \hbox (badness 10000) in paragraph at lines 474--475

 []


Underfull \hbox (badness 10000) in paragraph at lines 482--483

 []

[13

]
Overfull \hbox (28.23856pt too wide) in paragraph at lines 500--501
[] \OT1/cmr/m/n/10.95 and [] for the rk45 in-te-gra-tor and [], []
 []

[14]
Underfull \hbox (badness 10000) in paragraph at lines 516--516
\OT1/cmr/m/sc/10.95 Figure 7.[]\OT1/cmr/m/n/10.95 Stan lan-guage for fit-ting a
 two com-part-ment model us-ing the
 []


Underfull \hbox (badness 10000) in paragraph at lines 567--568

 []


LaTeX Warning: Citation `mixedSolver' on page 15 undefined on input line 576.


Underfull \vbox (badness 2142) has occurred while \output is active []

 [15

]
[16]

Package hyperref Warning: Token not allowed in a PDF string (PDFDocEncoding):
(hyperref)                removing `\@ifnextchar' on input line 628.


Underfull \hbox (badness 10000) in paragraph at lines 628--629

 []

<graphics/neutrophilModel.jpg, id=431, 1284.8pt x 485.815pt>
File: graphics/neutrophilModel.jpg Graphic file (type jpg)

<use graphics/neutrophilModel.jpg>
Package pdftex.def Info: graphics/neutrophilModel.jpg used on input line 662.
(pdftex.def)             Requested size: 325.215pt x 122.9731pt.

Underfull \hbox (badness 8056) in paragraph at lines 785--785
\OT1/pcr/m/n/10.95 evid\OT1/cmr/m/n/10.95 , \OT1/pcr/m/n/10.95 cmt\OT1/cmr/m/n/
10.95 , \OT1/pcr/m/n/10.95 addl\OT1/cmr/m/n/10.95 ,
 []


Underfull \hbox (badness 8056) in paragraph at lines 790--790
\OT1/pcr/m/n/10.95 evid\OT1/cmr/m/n/10.95 , \OT1/pcr/m/n/10.95 cmt\OT1/cmr/m/n/
10.95 , \OT1/pcr/m/n/10.95 addl\OT1/cmr/m/n/10.95 ,
 []


Underfull \hbox (badness 8056) in paragraph at lines 794--794
[]|\OT1/pcr/m/n/10.95 time\OT1/cmr/m/n/10.95 , \OT1/pcr/m/n/10.95 amt\OT1/cmr/m
/n/10.95 , \OT1/pcr/m/n/10.95 rate\OT1/cmr/m/n/10.95 ,
 []


Underfull \hbox (badness 6808) in paragraph at lines 798--799
[]|\OT1/pcr/m/n/10.95 ODE[]system\OT1/cmr/m/n/10.95 , \OT1/pcr/m/n/10.95 nCmt\O
T1/cmr/m/n/10.95 ,
 []


Underfull \hbox (badness 8056) in paragraph at lines 798--799
\OT1/pcr/m/n/10.95 time\OT1/cmr/m/n/10.95 , \OT1/pcr/m/n/10.95 amt\OT1/cmr/m/n/
10.95 , \OT1/pcr/m/n/10.95 rate\OT1/cmr/m/n/10.95 ,
 []


Underfull \hbox (badness 10000) in paragraph at lines 798--799
\OT1/pcr/m/n/10.95 ii\OT1/cmr/m/n/10.95 , \OT1/pcr/m/n/10.95 evid\OT1/cmr/m/n/1
0.95 , \OT1/pcr/m/n/10.95 cmt\OT1/cmr/m/n/10.95 ,
 []


Underfull \hbox (badness 8056) in paragraph at lines 798--799
\OT1/pcr/m/n/10.95 addl\OT1/cmr/m/n/10.95 , \OT1/pcr/m/n/10.95 ss\OT1/cmr/m/n/1
0.95 , \OT1/pcr/m/n/10.95 theta\OT1/cmr/m/n/10.95 ,
 []


Underfull \hbox (badness 10000) in paragraph at lines 798--799
\OT1/pcr/m/n/10.95 biovar\OT1/cmr/m/n/10.95 , \OT1/pcr/m/n/10.95 tlag\OT1/cmr/m
/n/10.95 ,
 []


Underfull \hbox (badness 10000) in paragraph at lines 798--799
\OT1/pcr/m/n/10.95 rel[]tol\OT1/cmr/m/n/10.95 , \OT1/pcr/m/n/10.95 abs[]tol\OT1
/cmr/m/n/10.95 ,
 []


Underfull \hbox (badness 3838) in paragraph at lines 800--801
[]|\OT1/cmr/m/n/10.95 Parameters that get
 []


Overfull \hbox (7.64052pt too wide) in paragraph at lines 803--804
[]|\OT1/pcr/m/n/10.95 reduced[]ODE[]system\OT1/cmr/m/n/10.95 ,
 []


Underfull \hbox (badness 8056) in paragraph at lines 803--804
\OT1/pcr/m/n/10.95 nOde\OT1/cmr/m/n/10.95 , \OT1/pcr/m/n/10.95 time\OT1/cmr/m/n
/10.95 , \OT1/pcr/m/n/10.95 amt\OT1/cmr/m/n/10.95 ,
 []


Underfull \hbox (badness 8056) in paragraph at lines 803--804
\OT1/pcr/m/n/10.95 addl\OT1/cmr/m/n/10.95 , \OT1/pcr/m/n/10.95 ss\OT1/cmr/m/n/1
0.95 , \OT1/pcr/m/n/10.95 theta\OT1/cmr/m/n/10.95 ,
 []


Underfull \hbox (badness 10000) in paragraph at lines 803--804
\OT1/pcr/m/n/10.95 biovar\OT1/cmr/m/n/10.95 , \OT1/pcr/m/n/10.95 tlag\OT1/cmr/m
/n/10.95 ,
 []


Underfull \hbox (badness 10000) in paragraph at lines 803--804
\OT1/pcr/m/n/10.95 rel[]tol\OT1/cmr/m/n/10.95 , \OT1/pcr/m/n/10.95 abs[]tol\OT1
/cmr/m/n/10.95 ,
 []


Overfull \hbox (7.64052pt too wide) in paragraph at lines 808--809
[]|\OT1/pcr/m/n/10.95 reduced[]ODE[]system\OT1/cmr/m/n/10.95 ,
 []


Underfull \hbox (badness 8056) in paragraph at lines 808--809
\OT1/pcr/m/n/10.95 nOde\OT1/cmr/m/n/10.95 , \OT1/pcr/m/n/10.95 time\OT1/cmr/m/n
/10.95 , \OT1/pcr/m/n/10.95 amt\OT1/cmr/m/n/10.95 ,
 []


Underfull \hbox (badness 8056) in paragraph at lines 808--809
\OT1/pcr/m/n/10.95 addl\OT1/cmr/m/n/10.95 , \OT1/pcr/m/n/10.95 ss\OT1/cmr/m/n/1
0.95 , \OT1/pcr/m/n/10.95 theta\OT1/cmr/m/n/10.95 ,
 []


Underfull \hbox (badness 10000) in paragraph at lines 808--809
\OT1/pcr/m/n/10.95 biovar\OT1/cmr/m/n/10.95 , \OT1/pcr/m/n/10.95 tlag\OT1/cmr/m
/n/10.95 ,
 []


Underfull \hbox (badness 10000) in paragraph at lines 808--809
\OT1/pcr/m/n/10.95 rel[]tol\OT1/cmr/m/n/10.95 , \OT1/pcr/m/n/10.95 abs[]tol\OT1
/cmr/m/n/10.95 ,
 []


Overfull \hbox (17.00488pt too wide) in paragraph at lines 778--812
[][] 
 []

[17] [18 <./graphics/neutrophilModel.jpg>] [19] [20]
Overfull \hbox (54.07883pt too wide) in paragraph at lines 822--823
[]\OT1/cmr/m/n/10.95 Code for ex-am-ples can be found on GitHub: []$\OT1/pcr/m/
n/10.95 https : / / github . com / metrumresearchgroup / example-[]models$[]\OT
1/cmr/m/n/10.95 . 
 []


Underfull \hbox (badness 10000) in paragraph at lines 834--836

 []


Package hyperref Warning: No destination for bookmark of \addcontentsline,
(hyperref)                destination is added on input line 838.

<graphics/effCptModel.png, id=540, 637.38126pt x 584.1825pt>
File: graphics/effCptModel.png Graphic file (type png)

<use graphics/effCptModel.png>
Package pdftex.def Info: graphics/effCptModel.png used on input line 854.
(pdftex.def)             Requested size: 252.94499pt x 231.8326pt.


Package hyperref Warning: No destination for bookmark of \addcontentsline,
(hyperref)                destination is added on input line 860.


Underfull \vbox (badness 10000) has occurred while \output is active []

 [21

]
[22 <./graphics/effCptModel.png>] [23]
Overfull \hbox (6.11554pt too wide) in paragraph at lines 961--983
 [][] 
 []

[24]
<graphics/effCptModelTorsten_0.82/effCptPlots001.pdf, id=626, 433.62pt x 433.62
pt>
File: graphics/effCptModelTorsten_0.82/effCptPlots001.pdf Graphic file (type pd
f)
 <use graphics/effCptModelTorsten_0.82/effCptPlots001.pdf>
Package pdftex.def Info: graphics/effCptModelTorsten_0.82/effCptPlots001.pdf us
ed on input line 988.
(pdftex.def)             Requested size: 216.81pt x 216.80946pt.

<graphics/effCptModelTorsten_0.82/effCptPlots002.pdf, id=627, 433.62pt x 433.62
pt>
File: graphics/effCptModelTorsten_0.82/effCptPlots002.pdf Graphic file (type pd
f)
 <use graphics/effCptModelTorsten_0.82/effCptPlots002.pdf>
Package pdftex.def Info: graphics/effCptModelTorsten_0.82/effCptPlots002.pdf us
ed on input line 989.
(pdftex.def)             Requested size: 216.81pt x 216.80946pt.

<graphics/effCptModelTorsten_0.82/effCptPlots003.pdf, id=628, 433.62pt x 433.62
pt>
File: graphics/effCptModelTorsten_0.82/effCptPlots003.pdf Graphic file (type pd
f)
 <use graphics/effCptModelTorsten_0.82/effCptPlots003.pdf>
Package pdftex.def Info: graphics/effCptModelTorsten_0.82/effCptPlots003.pdf us
ed on input line 990.
(pdftex.def)             Requested size: 216.81pt x 216.80946pt.

<graphics/effCptModelTorsten_0.82/effCptPlots004.pdf, id=629, 433.62pt x 433.62
pt>
File: graphics/effCptModelTorsten_0.82/effCptPlots004.pdf Graphic file (type pd
f)
 <use graphics/effCptModelTorsten_0.82/effCptPlots004.pdf>
Package pdftex.def Info: graphics/effCptModelTorsten_0.82/effCptPlots004.pdf us
ed on input line 991.
(pdftex.def)             Requested size: 216.81pt x 216.80946pt.

<graphics/effCptModelTorsten_0.82/effCptPlots005.pdf, id=630, 433.62pt x 433.62
pt>
File: graphics/effCptModelTorsten_0.82/effCptPlots005.pdf Graphic file (type pd
f)
 <use graphics/effCptModelTorsten_0.82/effCptPlots005.pdf>
Package pdftex.def Info: graphics/effCptModelTorsten_0.82/effCptPlots005.pdf us
ed on input line 992.
(pdftex.def)             Requested size: 216.81pt x 216.80946pt.


LaTeX Warning: Float too large for page by 38.34004pt on input line 995.


<graphics/effCptModelTorsten_0.82/effCptPlots006.pdf, id=631, 433.62pt x 433.62
pt>
File: graphics/effCptModelTorsten_0.82/effCptPlots006.pdf Graphic file (type pd
f)
 <use graphics/effCptModelTorsten_0.82/effCptPlots006.pdf>
Package pdftex.def Info: graphics/effCptModelTorsten_0.82/effCptPlots006.pdf us
ed on input line 998.
(pdftex.def)             Requested size: 216.81pt x 216.80946pt.

<graphics/effCptModelTorsten_0.82/effCptPlots007.pdf, id=632, 433.62pt x 433.62
pt>
File: graphics/effCptModelTorsten_0.82/effCptPlots007.pdf Graphic file (type pd
f)
 <use graphics/effCptModelTorsten_0.82/effCptPlots007.pdf>
Package pdftex.def Info: graphics/effCptModelTorsten_0.82/effCptPlots007.pdf us
ed on input line 999.
(pdftex.def)             Requested size: 216.81pt x 216.80946pt.

<graphics/effCptModelTorsten_0.82/effCptPlots011.pdf, id=633, 433.62pt x 433.62
pt>
File: graphics/effCptModelTorsten_0.82/effCptPlots011.pdf Graphic file (type pd
f)
 <use graphics/effCptModelTorsten_0.82/effCptPlots011.pdf>
Package pdftex.def Info: graphics/effCptModelTorsten_0.82/effCptPlots011.pdf us
ed on input line 1005.
(pdftex.def)             Requested size: 108.405pt x 108.40472pt.

<graphics/effCptModelTorsten_0.82/effCptPlots012.pdf, id=634, 433.62pt x 433.62
pt>
File: graphics/effCptModelTorsten_0.82/effCptPlots012.pdf Graphic file (type pd
f)
 <use graphics/effCptModelTorsten_0.82/effCptPlots012.pdf>
Package pdftex.def Info: graphics/effCptModelTorsten_0.82/effCptPlots012.pdf us
ed on input line 1006.
(pdftex.def)             Requested size: 108.405pt x 108.40472pt.

<graphics/effCptModelTorsten_0.82/effCptPlots013.pdf, id=635, 433.62pt x 433.62
pt>
File: graphics/effCptModelTorsten_0.82/effCptPlots013.pdf Graphic file (type pd
f)
 <use graphics/effCptModelTorsten_0.82/effCptPlots013.pdf>
Package pdftex.def Info: graphics/effCptModelTorsten_0.82/effCptPlots013.pdf us
ed on input line 1007.
(pdftex.def)             Requested size: 108.405pt x 108.40472pt.

<graphics/effCptModelTorsten_0.82/effCptPlots014.pdf, id=636, 433.62pt x 433.62
pt>
File: graphics/effCptModelTorsten_0.82/effCptPlots014.pdf Graphic file (type pd
f)
 <use graphics/effCptModelTorsten_0.82/effCptPlots014.pdf>
Package pdftex.def Info: graphics/effCptModelTorsten_0.82/effCptPlots014.pdf us
ed on input line 1008.
(pdftex.def)             Requested size: 108.405pt x 108.40472pt.

<graphics/effCptModelTorsten_0.82/effCptPlots019.pdf, id=637, 433.62pt x 433.62
pt>
File: graphics/effCptModelTorsten_0.82/effCptPlots019.pdf Graphic file (type pd
f)
 <use graphics/effCptModelTorsten_0.82/effCptPlots019.pdf>
Package pdftex.def Info: graphics/effCptModelTorsten_0.82/effCptPlots019.pdf us
ed on input line 1009.
(pdftex.def)             Requested size: 108.405pt x 108.40472pt.

<graphics/effCptModelTorsten_0.82/effCptPlots020.pdf, id=638, 433.62pt x 433.62
pt>
File: graphics/effCptModelTorsten_0.82/effCptPlots020.pdf Graphic file (type pd
f)
 <use graphics/effCptModelTorsten_0.82/effCptPlots020.pdf>
Package pdftex.def Info: graphics/effCptModelTorsten_0.82/effCptPlots020.pdf us
ed on input line 1010.
(pdftex.def)             Requested size: 108.405pt x 108.40472pt.

<graphics/effCptModelTorsten_0.82/effCptPlots021.pdf, id=639, 433.62pt x 433.62
pt>
File: graphics/effCptModelTorsten_0.82/effCptPlots021.pdf Graphic file (type pd
f)
 <use graphics/effCptModelTorsten_0.82/effCptPlots021.pdf>
Package pdftex.def Info: graphics/effCptModelTorsten_0.82/effCptPlots021.pdf us
ed on input line 1011.
(pdftex.def)             Requested size: 108.405pt x 108.40472pt.

<graphics/effCptModelTorsten_0.82/effCptPlots022.pdf, id=640, 433.62pt x 433.62
pt>
File: graphics/effCptModelTorsten_0.82/effCptPlots022.pdf Graphic file (type pd
f)
 <use graphics/effCptModelTorsten_0.82/effCptPlots022.pdf>
Package pdftex.def Info: graphics/effCptModelTorsten_0.82/effCptPlots022.pdf us
ed on input line 1012.
(pdftex.def)             Requested size: 108.405pt x 108.40472pt.

<graphics/effCptModelTorsten_0.82/effCptPlots023.pdf, id=641, 433.62pt x 433.62
pt>
File: graphics/effCptModelTorsten_0.82/effCptPlots023.pdf Graphic file (type pd
f)
 <use graphics/effCptModelTorsten_0.82/effCptPlots023.pdf>
Package pdftex.def Info: graphics/effCptModelTorsten_0.82/effCptPlots023.pdf us
ed on input line 1018.
(pdftex.def)             Requested size: 108.405pt x 108.40472pt.

<graphics/effCptModelTorsten_0.82/effCptPlots024.pdf, id=642, 433.62pt x 433.62
pt>
File: graphics/effCptModelTorsten_0.82/effCptPlots024.pdf Graphic file (type pd
f)
 <use graphics/effCptModelTorsten_0.82/effCptPlots024.pdf>
Package pdftex.def Info: graphics/effCptModelTorsten_0.82/effCptPlots024.pdf us
ed on input line 1019.
(pdftex.def)             Requested size: 108.405pt x 108.40472pt.

<graphics/effCptModelTorsten_0.82/effCptPlots025.pdf, id=643, 433.62pt x 433.62
pt>
File: graphics/effCptModelTorsten_0.82/effCptPlots025.pdf Graphic file (type pd
f)
 <use graphics/effCptModelTorsten_0.82/effCptPlots025.pdf>
Package pdftex.def Info: graphics/effCptModelTorsten_0.82/effCptPlots025.pdf us
ed on input line 1020.
(pdftex.def)             Requested size: 108.405pt x 108.40472pt.

<graphics/effCptModelTorsten_0.82/effCptPlots026.pdf, id=644, 433.62pt x 433.62
pt>
File: graphics/effCptModelTorsten_0.82/effCptPlots026.pdf Graphic file (type pd
f)
 <use graphics/effCptModelTorsten_0.82/effCptPlots026.pdf>
Package pdftex.def Info: graphics/effCptModelTorsten_0.82/effCptPlots026.pdf us
ed on input line 1021.
(pdftex.def)             Requested size: 108.405pt x 108.40472pt.

<graphics/effCptModelTorsten_0.82/effCptPlots027.pdf, id=645, 433.62pt x 433.62
pt>
File: graphics/effCptModelTorsten_0.82/effCptPlots027.pdf Graphic file (type pd
f)
 <use graphics/effCptModelTorsten_0.82/effCptPlots027.pdf>
Package pdftex.def Info: graphics/effCptModelTorsten_0.82/effCptPlots027.pdf us
ed on input line 1022.
(pdftex.def)             Requested size: 108.405pt x 108.40472pt.

<graphics/effCptModelTorsten_0.82/effCptPlots028.pdf, id=646, 433.62pt x 433.62
pt>
File: graphics/effCptModelTorsten_0.82/effCptPlots028.pdf Graphic file (type pd
f)
 <use graphics/effCptModelTorsten_0.82/effCptPlots028.pdf>
Package pdftex.def Info: graphics/effCptModelTorsten_0.82/effCptPlots028.pdf us
ed on input line 1023.
(pdftex.def)             Requested size: 108.405pt x 108.40472pt.

<graphics/effCptModelTorsten_0.82/effCptPlots029.pdf, id=647, 433.62pt x 433.62
pt>
File: graphics/effCptModelTorsten_0.82/effCptPlots029.pdf Graphic file (type pd
f)
 <use graphics/effCptModelTorsten_0.82/effCptPlots029.pdf>
Package pdftex.def Info: graphics/effCptModelTorsten_0.82/effCptPlots029.pdf us
ed on input line 1024.
(pdftex.def)             Requested size: 108.405pt x 108.40472pt.

<graphics/effCptModelTorsten_0.82/effCptPlots030.pdf, id=648, 433.62pt x 433.62
pt>
File: graphics/effCptModelTorsten_0.82/effCptPlots030.pdf Graphic file (type pd
f)
 <use graphics/effCptModelTorsten_0.82/effCptPlots030.pdf>
Package pdftex.def Info: graphics/effCptModelTorsten_0.82/effCptPlots030.pdf us
ed on input line 1025.
(pdftex.def)             Requested size: 108.405pt x 108.40472pt.
 [25 <./graphics/effCptModelTorsten_0.82/effCptPlots001.pdf> <./graphics/effCpt
ModelTorsten_0.82/effCptPlots002.pdf> <./graphics/effCptModelTorsten_0.82/effCp
tPlots003.pdf> <./graphics/effCptModelTorsten_0.82/effCptPlots004.pdf> <./graph
ics/effCptModelTorsten_0.82/effCptPlots005.pdf>] [26 <./graphics/effCptModelTor
sten_0.82/effCptPlots006.pdf> <./graphics/effCptModelTorsten_0.82/effCptPlots00
7.pdf> <./graphics/effCptModelTorsten_0.82/effCptPlots011.pdf> <./graphics/effC
ptModelTorsten_0.82/effCptPlots012.pdf> <./graphics/effCptModelTorsten_0.82/eff
CptPlots013.pdf> <./graphics/effCptModelTorsten_0.82/effCptPlots014.pdf> <./gra
phics/effCptModelTorsten_0.82/effCptPlots019.pdf> <./graphics/effCptModelTorste
n_0.82/effCptPlots020.pdf> <./graphics/effCptModelTorsten_0.82/effCptPlots021.p
df> <./graphics/effCptModelTorsten_0.82/effCptPlots022.pdf>] [27 <./graphics/ef
fCptModelTorsten_0.82/effCptPlots023.pdf> <./graphics/effCptModelTorsten_0.82/e
ffCptPlots024.pdf> <./graphics/effCptModelTorsten_0.82/effCptPlots025.pdf> <./g
raphics/effCptModelTorsten_0.82/effCptPlots026.pdf> <./graphics/effCptModelTors
ten_0.82/effCptPlots027.pdf> <./graphics/effCptModelTorsten_0.82/effCptPlots028
.pdf> <./graphics/effCptModelTorsten_0.82/effCptPlots029.pdf> <./graphics/effCp
tModelTorsten_0.82/effCptPlots030.pdf>]
Underfull \hbox (badness 10000) in paragraph at lines 1032--1033

 []

[28


]
<graphics/neutropenia_0.82/neutropeniaPopulationPlots001.pdf, id=848, 433.62pt 
x 433.62pt>
File: graphics/neutropenia_0.82/neutropeniaPopulationPlots001.pdf Graphic file 
(type pdf)
 <use graphics/neutropenia_0.82/neutropeniaPopulationPlots001.pdf>
Package pdftex.def Info: graphics/neutropenia_0.82/neutropeniaPopulationPlots00
1.pdf used on input line 1202.
(pdftex.def)             Requested size: 216.81pt x 216.80946pt.

<graphics/neutropenia_0.82/neutropeniaPopulationPlots002.pdf, id=849, 433.62pt 
x 433.62pt>
File: graphics/neutropenia_0.82/neutropeniaPopulationPlots002.pdf Graphic file 
(type pdf)
 <use graphics/neutropenia_0.82/neutropeniaPopulationPlots002.pdf>
Package pdftex.def Info: graphics/neutropenia_0.82/neutropeniaPopulationPlots00
2.pdf used on input line 1203.
(pdftex.def)             Requested size: 216.81pt x 216.80946pt.

<graphics/neutropenia_0.82/neutropeniaPopulationPlots003.pdf, id=850, 433.62pt 
x 433.62pt>
File: graphics/neutropenia_0.82/neutropeniaPopulationPlots003.pdf Graphic file 
(type pdf)
 <use graphics/neutropenia_0.82/neutropeniaPopulationPlots003.pdf>
Package pdftex.def Info: graphics/neutropenia_0.82/neutropeniaPopulationPlots00
3.pdf used on input line 1204.
(pdftex.def)             Requested size: 216.81pt x 216.80946pt.

<graphics/neutropenia_0.82/neutropeniaPopulationPlots004.pdf, id=851, 433.62pt 
x 433.62pt>
File: graphics/neutropenia_0.82/neutropeniaPopulationPlots004.pdf Graphic file 
(type pdf)
 <use graphics/neutropenia_0.82/neutropeniaPopulationPlots004.pdf>
Package pdftex.def Info: graphics/neutropenia_0.82/neutropeniaPopulationPlots00
4.pdf used on input line 1205.
(pdftex.def)             Requested size: 216.81pt x 216.80946pt.

<graphics/neutropenia_0.82/neutropeniaPopulationPlots005.pdf, id=852, 433.62pt 
x 433.62pt>
File: graphics/neutropenia_0.82/neutropeniaPopulationPlots005.pdf Graphic file 
(type pdf)
 <use graphics/neutropenia_0.82/neutropeniaPopulationPlots005.pdf>
Package pdftex.def Info: graphics/neutropenia_0.82/neutropeniaPopulationPlots00
5.pdf used on input line 1211.
(pdftex.def)             Requested size: 180.67499pt x 180.67676pt.

<graphics/neutropenia_0.82/neutropeniaPopulationPlots006.pdf, id=853, 433.62pt 
x 433.62pt>
File: graphics/neutropenia_0.82/neutropeniaPopulationPlots006.pdf Graphic file 
(type pdf)
 <use graphics/neutropenia_0.82/neutropeniaPopulationPlots006.pdf>
Package pdftex.def Info: graphics/neutropenia_0.82/neutropeniaPopulationPlots00
6.pdf used on input line 1212.
(pdftex.def)             Requested size: 180.67499pt x 180.67676pt.

<graphics/neutropenia_0.82/neutropeniaPopulationPlots010.pdf, id=854, 433.62pt 
x 433.62pt>
File: graphics/neutropenia_0.82/neutropeniaPopulationPlots010.pdf Graphic file 
(type pdf)
 <use graphics/neutropenia_0.82/neutropeniaPopulationPlots010.pdf>
Package pdftex.def Info: graphics/neutropenia_0.82/neutropeniaPopulationPlots01
0.pdf used on input line 1218.
(pdftex.def)             Requested size: 180.67499pt x 180.67676pt.

<graphics/neutropenia_0.82/neutropeniaPopulationPlots011.pdf, id=855, 433.62pt 
x 433.62pt>
File: graphics/neutropenia_0.82/neutropeniaPopulationPlots011.pdf Graphic file 
(type pdf)
 <use graphics/neutropenia_0.82/neutropeniaPopulationPlots011.pdf>
Package pdftex.def Info: graphics/neutropenia_0.82/neutropeniaPopulationPlots01
1.pdf used on input line 1219.
(pdftex.def)             Requested size: 180.67499pt x 180.67676pt.

[29] [30] [31 <./graphics/neutropenia_0.82/neutropeniaPopulationPlots001.pdf> <
./graphics/neutropenia_0.82/neutropeniaPopulationPlots002.pdf> <./graphics/neut
ropenia_0.82/neutropeniaPopulationPlots003.pdf> <./graphics/neutropenia_0.82/ne
utropeniaPopulationPlots004.pdf>] [32 <./graphics/neutropenia_0.82/neutropeniaP
opulationPlots005.pdf> <./graphics/neutropenia_0.82/neutropeniaPopulationPlots0
06.pdf> <./graphics/neutropenia_0.82/neutropeniaPopulationPlots010.pdf> <./grap
hics/neutropenia_0.82/neutropeniaPopulationPlots011.pdf>]
Underfull \hbox (badness 10000) in paragraph at lines 1230--1232

 []


Underfull \hbox (badness 10000) in paragraph at lines 1246--1247

 []


Underfull \hbox (badness 10000) in paragraph at lines 1246--1247

 []


Underfull \hbox (badness 10000) in paragraph at lines 1259--1261

 []

[33

]
Underfull \hbox (badness 10000) in paragraph at lines 1316--1323

 []

[34]
Underfull \hbox (badness 10000) in paragraph at lines 1562--1564

 []

(./torstenManual.bbl [35]
Underfull \vbox (badness 1629) has occurred while \output is active []

 [36])
Package atveryend Info: Empty hook `BeforeClearDocument' on input line 1587.

[37]
Package atveryend Info: Empty hook `AfterLastShipout' on input line 1587.
 (./torstenManual.aux)
Package atveryend Info: Executing hook `AtVeryEndDocument' on input line 1587.
Package atveryend Info: Executing hook `AtEndAfterFileList' on input line 1587.

Package rerunfilecheck Info: File `torstenManual.out' has not changed.
(rerunfilecheck)             Checksum: 380AFE9D0BDB2FF18A4D180AA3FAE489;1734.


LaTeX Warning: There were undefined references.


LaTeX Warning: Label(s) may have changed. Rerun to get cross-references right.

Package atveryend Info: Empty hook `AtVeryVeryEnd' on input line 1587.
 ) 
Here is how much of TeX's memory you used:
 19558 strings out of 493014
 364642 string characters out of 6133351
 466328 words of memory out of 5000000
 22135 multiletter control sequences out of 15000+600000
 19787 words of font info for 77 fonts, out of 8000000 for 9000
 1302 hyphenation exceptions out of 8191
 42i,17n,42p,10392b,1241s stack positions out of 5000i,500n,10000p,200000b,80000s
{/usr/local/texlive/2016/texmf-dist/fonts/enc/dvips/base/8r.enc}</usr/local/t
exlive/2016/texmf-dist/fonts/type1/public/amsfonts/cm/cmbx10.pfb></usr/local/te
xlive/2016/texmf-dist/fonts/type1/public/amsfonts/cm/cmbx12.pfb></usr/local/tex
live/2016/texmf-dist/fonts/type1/public/amsfonts/cm/cmbx7.pfb></usr/local/texli
ve/2016/texmf-dist/fonts/type1/public/amsfonts/cm/cmbx9.pfb></usr/local/texlive
/2016/texmf-dist/fonts/type1/public/amsfonts/cm/cmcsc10.pfb></usr/local/texlive
/2016/texmf-dist/fonts/type1/public/amsfonts/cm/cmex10.pfb></usr/local/texlive/
2016/texmf-dist/fonts/type1/public/amsfonts/cm/cmmi10.pfb></usr/local/texlive/2
016/texmf-dist/fonts/type1/public/amsfonts/cm/cmmi6.pfb></usr/local/texlive/201
6/texmf-dist/fonts/type1/public/amsfonts/cm/cmmi8.pfb></usr/local/texlive/2016/
texmf-dist/fonts/type1/public/amsfonts/cm/cmmi9.pfb></usr/local/texlive/2016/te
xmf-dist/fonts/type1/public/amsfonts/cm/cmr10.pfb></usr/local/texlive/2016/texm
f-dist/fonts/type1/public/amsfonts/cm/cmr12.pfb></usr/local/texlive/2016/texmf-
dist/fonts/type1/public/amsfonts/cm/cmr17.pfb></usr/local/texlive/2016/texmf-di
st/fonts/type1/public/amsfonts/cm/cmr5.pfb></usr/local/texlive/2016/texmf-dist/
fonts/type1/public/amsfonts/cm/cmr6.pfb></usr/local/texlive/2016/texmf-dist/fon
ts/type1/public/amsfonts/cm/cmr7.pfb></usr/local/texlive/2016/texmf-dist/fonts/
type1/public/amsfonts/cm/cmr8.pfb></usr/local/texlive/2016/texmf-dist/fonts/typ
e1/public/amsfonts/cm/cmr9.pfb></usr/local/texlive/2016/texmf-dist/fonts/type1/
public/amsfonts/cm/cmss10.pfb></usr/local/texlive/2016/texmf-dist/fonts/type1/p
ublic/amsfonts/cm/cmsy10.pfb></usr/local/texlive/2016/texmf-dist/fonts/type1/pu
blic/amsfonts/cm/cmsy8.pfb></usr/local/texlive/2016/texmf-dist/fonts/type1/publ
ic/amsfonts/cm/cmsy9.pfb></usr/local/texlive/2016/texmf-dist/fonts/type1/public
/amsfonts/cm/cmti10.pfb></usr/local/texlive/2016/texmf-dist/fonts/type1/public/
amsfonts/cm/cmti9.pfb></usr/local/texlive/2016/texmf-dist/fonts/type1/public/am
sfonts/symbols/msbm10.pfb></usr/local/texlive/2016/texmf-dist/fonts/type1/urw/c
ourier/ucrr8a.pfb>
Output written on torstenManual.pdf (37 pages, 2301756 bytes).
PDF statistics:
 1345 PDF objects out of 1440 (max. 8388607)
 1192 compressed objects within 12 object streams
 558 named destinations out of 1000 (max. 500000)
 380 words of extra memory for PDF output out of 10000 (max. 10000000)

