\BOOKMARK [1][-]{section*.2}{Development Team}{}% 1
\BOOKMARK [1][-]{section*.3}{Acknowledgements}{}% 2
\BOOKMARK [1][-]{section.1}{1. Introduction}{}% 3
\BOOKMARK [2][-]{subsection.1.1}{1.1. Installing Torsten}{section.1}% 4
\BOOKMARK [2][-]{subsection.1.2}{1.2. Overview}{section.1}% 5
\BOOKMARK [2][-]{subsection.1.3}{1.3. Implementation details}{section.1}% 6
\BOOKMARK [2][-]{subsection.1.4}{1.4. Development plans}{section.1}% 7
\BOOKMARK [2][-]{subsection.1.5}{1.5. Updates since Torsten 0.82}{section.1}% 8
\BOOKMARK [1][-]{section.2}{2. Using Torsten}{}% 9
\BOOKMARK [2][-]{subsection.2.1}{2.1. Example 1: Two Compartment Model}{section.2}% 10
\BOOKMARK [2][-]{subsection.2.2}{2.2. Linear One and Two Compartment Model Function}{section.2}% 11
\BOOKMARK [2][-]{subsection.2.3}{2.3. General Linear ODE Model Function}{section.2}% 12
\BOOKMARK [2][-]{subsection.2.4}{2.4. General ODE Model Function}{section.2}% 13
\BOOKMARK [2][-]{subsection.2.5}{2.5. Mixed ODE Model Function}{section.2}% 14
\BOOKMARK [2][-]{subsection.2.6}{2.6. Example 2: Friberg-Karlsson Semi-Mechanistic Model 2364}{section.2}% 15
\BOOKMARK [1][-]{section.3}{3. Additional Examples}{}% 16
\BOOKMARK [2][-]{subsection.3.1}{3.1. Example 3: Effect Compartment Population Model}{section.3}% 17
\BOOKMARK [2][-]{subsection.3.2}{3.2. Example 4: Friberg-Karlsson Semi-Mechanistic Population Model}{section.3}% 18
\BOOKMARK [1][-]{section*.10}{TECHNICAL APPENDIX}{}% 19
\BOOKMARK [1][-]{appendix.A}{Appendix A. Bayesian Data Analysis with Stan}{}% 20
\BOOKMARK [2][-]{subsection.A.1}{A.1. Hamiltonian Monte Carlo}{appendix.A}% 21
\BOOKMARK [2][-]{subsection.A.2}{A.2. Automatic Differentiation}{appendix.A}% 22
\BOOKMARK [1][-]{appendix.B}{Appendix B. Ordinary Differential Equations in Pharmacometrics}{}% 23
\BOOKMARK [2][-]{subsection.B.1}{B.1. When do ordinary differential equations arise?}{appendix.B}% 24
\BOOKMARK [2][-]{subsection.B.2}{B.2. An example: ODE system for the Two Compartment Model}{appendix.B}% 25
\BOOKMARK [2][-]{subsection.B.3}{B.3. Overview of Tools for Solving Differential Equations}{appendix.B}% 26
\BOOKMARK [2][-]{subsection.B.4}{B.4. The Event Schedule}{appendix.B}% 27
\BOOKMARK [1][-]{appendix.C}{Appendix C. Solving Ordinary Differential Equations}{}% 28
\BOOKMARK [2][-]{subsection.C.1}{C.1. Analytical Solution}{appendix.C}% 29
\BOOKMARK [2][-]{subsection.C.2}{C.2. The Matrix Exponential}{appendix.C}% 30
\BOOKMARK [2][-]{subsection.C.3}{C.3. Numerical Integrators}{appendix.C}% 31
\BOOKMARK [2][-]{subsection.C.4}{C.4. Mixed Solvers}{appendix.C}% 32
\BOOKMARK [2][-]{subsection.C.5}{C.5. Rates}{appendix.C}% 33
\BOOKMARK [2][-]{subsection.C.6}{C.6. Steady State Solution}{appendix.C}% 34
\BOOKMARK [1][-]{appendix.D}{Appendix D. Code Implementation of Torsten}{}% 35
\BOOKMARK [1][-]{section*.11}{References}{}% 36
